<?xml version="1.0" encoding="UTF-8"?>
<!-- Generated by org.testng.reporters.JUnitReportReporter -->
<testsuite skipped="0" hostname="PC266968" name="testcases.ATC_SI_025" tests="1" failures="0" timestamp="22 Feb 2018 12:25:43 GMT" time="518.021" errors="0">
  <testcase name="runTest" time="518.021" classname="testcases.ATC_SI_025"/>
</testsuite> <!-- testcases.ATC_SI_025 -->
