<?xml version="1.0" encoding="UTF-8"?>
<!-- Generated by org.testng.reporters.JUnitReportReporter -->
<testsuite skipped="0" hostname="PC217525" name="testcases.ATC_SI_029" tests="1" failures="0" timestamp="20 Mar 2018 06:24:29 GMT" time="510.383" errors="0">
  <testcase name="runTest" time="510.383" classname="testcases.ATC_SI_029"/>
</testsuite> <!-- testcases.ATC_SI_029 -->
