<?xml version="1.0" encoding="UTF-8"?>
<!-- Generated by org.testng.reporters.JUnitReportReporter -->
<testsuite skipped="0" hostname="PC217525" name="testcases.ATC_SI_022" tests="1" failures="0" timestamp="21 Mar 2018 09:19:49 GMT" time="174.069" errors="0">
  <testcase name="runTest" time="174.069" classname="testcases.ATC_SI_022"/>
</testsuite> <!-- testcases.ATC_SI_022 -->
