<?xml version="1.0" encoding="UTF-8"?>
<!-- Generated by org.testng.reporters.JUnitReportReporter -->
<testsuite skipped="0" hostname="PC217525" name="testcases.ATC_SI_102" tests="1" failures="0" timestamp="28 Mar 2018 18:32:33 GMT" time="346.940" errors="0">
  <testcase name="runTest" time="346.940" classname="testcases.ATC_SI_102"/>
</testsuite> <!-- testcases.ATC_SI_102 -->
