<?xml version="1.0" encoding="UTF-8"?>
<!-- Generated by org.testng.reporters.JUnitReportReporter -->
<testsuite skipped="0" hostname="PC217525" name="testcases.ATC_SI_071" tests="1" failures="0" timestamp="26 Mar 2018 06:40:42 GMT" time="52.277" errors="0">
  <testcase name="runTest" time="52.277" classname="testcases.ATC_SI_071"/>
</testsuite> <!-- testcases.ATC_SI_071 -->
