<?xml version="1.0" encoding="UTF-8"?>
<!-- Generated by org.testng.reporters.JUnitReportReporter -->
<testsuite skipped="0" hostname="PC217525" name="testcases.ATC_SI_067" tests="1" failures="0" timestamp="23 Mar 2018 00:02:24 GMT" time="267.610" errors="0">
  <testcase name="runTest" time="267.610" classname="testcases.ATC_SI_067"/>
</testsuite> <!-- testcases.ATC_SI_067 -->
