<?xml version="1.0" encoding="UTF-8"?>
<!-- Generated by org.testng.reporters.JUnitReportReporter -->
<testsuite skipped="0" hostname="IRVSXP4516B" name="testcases.PZDemoTestAutomationFlow" tests="1" failures="0" timestamp="12 May 2018 15:51:16 GMT" time="1.396" errors="0">
  <testcase name="runTest" time="1.396" classname="testcases.PZDemoTestAutomationFlow"/>
</testsuite> <!-- testcases.PZDemoTestAutomationFlow -->
