<?xml version="1.0" encoding="UTF-8"?>
<!-- Generated by org.testng.reporters.JUnitReportReporter -->
<testsuite skipped="0" hostname="PC217525" name="testcases.ATC_SI_063" tests="1" failures="0" timestamp="23 Mar 2018 00:02:23 GMT" time="248.001" errors="1">
  <testcase name="runTest" time="248.001" classname="testcases.ATC_SI_063">
    <error type="org.openqa.selenium.ElementNotVisibleException" message="element not visible
  (Session info: chrome=58.0.3029.83)
  (Driver info: chromedriver=2.30.477700 (0057494ad8732195794a7b32078424f92a5fce41),platform=Windows NT 6.1.7601 SP1 x86) (WARNING: The server did not provide any stacktrace information)
Command duration or timeout: 0 milliseconds
Build info: version: &#039;3.5.3&#039;, revision: &#039;a88d25fe6b&#039;, time: &#039;2017-08-29T12:42:44.417Z&#039;
System info: host: &#039;PC217525&#039;, ip: &#039;10.243.177.139&#039;, os.name: &#039;Windows 7&#039;, os.arch: &#039;x86&#039;, os.version: &#039;6.1&#039;, java.version: &#039;1.8.0_162&#039;
Driver info: io.appium.java_client.android.AndroidDriver
Capabilities [{deviceType=phone, deviceScreenSize=1080x1920, networkConnectionEnabled=true, warnings={}, app-package=com.android.chrome, browsername=chrome, databaseEnabled=false, deviceName=59074a2a, platform=LINUX, deviceUDID=59074a2a, desired={deviceType=phone, browserName=chrome, app-package=com.android.chrome, browsername=chrome, chromeOptions={args=[--enable-strict-powerful-feature-restrictions, --disable-geolocation, --disable-search-geolocation-disclosure, --disable-notifications], extensions=[]}, platformName=Android, device=Android, deviceName=59074a2a}, platformVersion=4.4.4, webStorageEnabled=false, locationContextEnabled=false, takesScreenshot=true, browserName=chrome, javascriptEnabled=true, deviceModel=SGH-M919, chromeOptions={args=[--enable-strict-powerful-feature-restrictions, --disable-geolocation, --disable-search-geolocation-disclosure, --disable-notifications], extensions=[]}, deviceManufacturer=samsung, platformName=LINUX, device=Android}]
Session ID: 17f6c078-b979-432c-a64f-737d9e350ccd">
      <![CDATA[org.openqa.selenium.ElementNotVisibleException: element not visible
  (Session info: chrome=58.0.3029.83)
  (Driver info: chromedriver=2.30.477700 (0057494ad8732195794a7b32078424f92a5fce41),platform=Windows NT 6.1.7601 SP1 x86) (WARNING: The server did not provide any stacktrace information)
Command duration or timeout: 0 milliseconds
Build info: version: '3.5.3', revision: 'a88d25fe6b', time: '2017-08-29T12:42:44.417Z'
System info: host: 'PC217525', ip: '10.243.177.139', os.name: 'Windows 7', os.arch: 'x86', os.version: '6.1', java.version: '1.8.0_162'
Driver info: io.appium.java_client.android.AndroidDriver
Capabilities [{deviceType=phone, deviceScreenSize=1080x1920, networkConnectionEnabled=true, warnings={}, app-package=com.android.chrome, browsername=chrome, databaseEnabled=false, deviceName=59074a2a, platform=LINUX, deviceUDID=59074a2a, desired={deviceType=phone, browserName=chrome, app-package=com.android.chrome, browsername=chrome, chromeOptions={args=[--enable-strict-powerful-feature-restrictions, --disable-geolocation, --disable-search-geolocation-disclosure, --disable-notifications], extensions=[]}, platformName=Android, device=Android, deviceName=59074a2a}, platformVersion=4.4.4, webStorageEnabled=false, locationContextEnabled=false, takesScreenshot=true, browserName=chrome, javascriptEnabled=true, deviceModel=SGH-M919, chromeOptions={args=[--enable-strict-powerful-feature-restrictions, --disable-geolocation, --disable-search-geolocation-disclosure, --disable-notifications], extensions=[]}, deviceManufacturer=samsung, platformName=LINUX, device=Android}]
Session ID: 17f6c078-b979-432c-a64f-737d9e350ccd
	at sun.reflect.NativeConstructorAccessorImpl.newInstance0(Native Method)
	at sun.reflect.NativeConstructorAccessorImpl.newInstance(Unknown Source)
	at sun.reflect.DelegatingConstructorAccessorImpl.newInstance(Unknown Source)
	at java.lang.reflect.Constructor.newInstance(Unknown Source)
	at org.openqa.selenium.remote.ErrorHandler.createThrowable(ErrorHandler.java:215)
	at org.openqa.selenium.remote.ErrorHandler.throwIfResponseFailed(ErrorHandler.java:167)
	at org.openqa.selenium.remote.http.JsonHttpResponseCodec.reconstructValue(JsonHttpResponseCodec.java:40)
	at org.openqa.selenium.remote.http.AbstractHttpResponseCodec.decode(AbstractHttpResponseCodec.java:82)
	at org.openqa.selenium.remote.http.AbstractHttpResponseCodec.decode(AbstractHttpResponseCodec.java:45)
	at org.openqa.selenium.remote.HttpCommandExecutor.execute(HttpCommandExecutor.java:164)
	at io.appium.java_client.remote.AppiumCommandExecutor.execute(AppiumCommandExecutor.java:89)
	at org.openqa.selenium.remote.RemoteWebDriver.execute(RemoteWebDriver.java:646)
	at io.appium.java_client.DefaultGenericMobileDriver.execute(DefaultGenericMobileDriver.java:42)
	at io.appium.java_client.AppiumDriver.execute(AppiumDriver.java:1)
	at io.appium.java_client.android.AndroidDriver.execute(AndroidDriver.java:1)
	at org.openqa.selenium.remote.RemoteWebElement.execute(RemoteWebElement.java:275)
	at org.openqa.selenium.remote.RemoteWebElement.click(RemoteWebElement.java:82)
	at utility.Initialize.returnToHome(Initialize.java:1417)
	at testcases.ATC_SI_063.runTest(ATC_SI_063.java:64)
	at sun.reflect.NativeMethodAccessorImpl.invoke0(Native Method)
	at sun.reflect.NativeMethodAccessorImpl.invoke(Unknown Source)
	at sun.reflect.DelegatingMethodAccessorImpl.invoke(Unknown Source)
	at java.lang.reflect.Method.invoke(Unknown Source)
	at org.testng.internal.MethodInvocationHelper.invokeMethod(MethodInvocationHelper.java:108)
	at org.testng.internal.Invoker.invokeMethod(Invoker.java:661)
	at org.testng.internal.Invoker.invokeTestMethod(Invoker.java:869)
	at org.testng.internal.TestMethodWithDataProviderMethodWorker.call(TestMethodWithDataProviderMethodWorker.java:75)
	at org.testng.internal.TestMethodWithDataProviderMethodWorker.call(TestMethodWithDataProviderMethodWorker.java:14)
	at java.util.concurrent.FutureTask.run(Unknown Source)
	at java.util.concurrent.Executors$RunnableAdapter.call(Unknown Source)
	at java.util.concurrent.FutureTask.run(Unknown Source)
	at java.util.concurrent.ThreadPoolExecutor.runWorker(Unknown Source)
	at java.util.concurrent.ThreadPoolExecutor$Worker.run(Unknown Source)
	at java.lang.Thread.run(Unknown Source)
]]>
    </error>
  </testcase> <!-- runTest -->
</testsuite> <!-- testcases.ATC_SI_063 -->
