<?xml version="1.0" encoding="UTF-8"?>
<!-- Generated by org.testng.reporters.JUnitReportReporter -->
<testsuite skipped="0" hostname="PC217525" name="testcases.ATC_SI_001" tests="1" failures="0" timestamp="22 Mar 2018 13:53:29 GMT" time="360.548" errors="0">
  <testcase name="runTest" time="360.548" classname="testcases.ATC_SI_001"/>
</testsuite> <!-- testcases.ATC_SI_001 -->
