<?xml version="1.0" encoding="UTF-8"?>
<!-- Generated by org.testng.reporters.JUnitReportReporter -->
<testsuite skipped="0" hostname="PC217525" name="testcases.ATC_SI_005" tests="1" failures="0" timestamp="23 Mar 2018 12:26:25 GMT" time="467.931" errors="0">
  <testcase name="runTest" time="467.931" classname="testcases.ATC_SI_005"/>
</testsuite> <!-- testcases.ATC_SI_005 -->
