<?xml version="1.0" encoding="UTF-8"?>
<!-- Generated by org.testng.reporters.JUnitReportReporter -->
<testsuite skipped="0" hostname="PC217525" name="testcases.ATC_SI_011" tests="1" failures="0" timestamp="21 Mar 2018 06:22:24 GMT" time="151.171" errors="0">
  <testcase name="runTest" time="151.171" classname="testcases.ATC_SI_011"/>
</testsuite> <!-- testcases.ATC_SI_011 -->
