<?xml version="1.0" encoding="UTF-8"?>
<!-- Generated by org.testng.reporters.JUnitReportReporter -->
<testsuite skipped="0" hostname="PC217525" name="testcases.ATC_SI_149" tests="1" failures="0" timestamp="28 Mar 2018 18:32:32 GMT" time="212.790" errors="0">
  <testcase name="runTest" time="212.790" classname="testcases.ATC_SI_149"/>
</testsuite> <!-- testcases.ATC_SI_149 -->
