<?xml version="1.0" encoding="UTF-8"?>
<!-- Generated by org.testng.reporters.JUnitReportReporter -->
<testsuite skipped="0" hostname="PC217525" name="testcases.ATC_SI_003" tests="1" failures="0" timestamp="19 Mar 2018 14:43:16 GMT" time="230.362" errors="0">
  <testcase name="runTest" time="230.362" classname="testcases.ATC_SI_003"/>
</testsuite> <!-- testcases.ATC_SI_003 -->
