<?xml version="1.0" encoding="UTF-8"?>
<!-- Generated by org.testng.reporters.JUnitReportReporter -->
<testsuite skipped="0" hostname="PC217525" name="testcases.ATC_SI_007" tests="1" failures="0" timestamp="19 Mar 2018 14:43:16 GMT" time="223.925" errors="0">
  <testcase name="runTest" time="223.925" classname="testcases.ATC_SI_007"/>
</testsuite> <!-- testcases.ATC_SI_007 -->
