<?xml version="1.0" encoding="UTF-8"?>
<!-- Generated by org.testng.reporters.JUnitReportReporter -->
<testsuite skipped="0" hostname="PC217525" name="testcases.ATC_SI_023" tests="1" failures="0" timestamp="21 Mar 2018 09:36:53 GMT" time="515.021" errors="0">
  <testcase name="runTest" time="515.021" classname="testcases.ATC_SI_023"/>
</testsuite> <!-- testcases.ATC_SI_023 -->
