<?xml version="1.0" encoding="UTF-8"?>
<!-- Generated by org.testng.reporters.JUnitReportReporter -->
<testsuite skipped="0" hostname="PC217525" name="testcases.ATC_SI_096" tests="1" failures="0" timestamp="28 Mar 2018 18:32:33 GMT" time="101.371" errors="0">
  <testcase name="runTest" time="101.371" classname="testcases.ATC_SI_096"/>
</testsuite> <!-- testcases.ATC_SI_096 -->
