<?xml version="1.0" encoding="UTF-8"?>
<!-- Generated by org.testng.reporters.JUnitReportReporter -->
<testsuite skipped="0" hostname="PC217525" name="testcases.ATC_SI_024" tests="1" failures="0" timestamp="21 Mar 2018 09:51:30 GMT" time="682.261" errors="0">
  <testcase name="runTest" time="682.261" classname="testcases.ATC_SI_024"/>
</testsuite> <!-- testcases.ATC_SI_024 -->
