<?xml version="1.0" encoding="UTF-8"?>
<!-- Generated by org.testng.reporters.JUnitReportReporter -->
<testsuite skipped="0" hostname="PC217525" name="testcases.ATC_SI_010" tests="1" failures="0" timestamp="19 Mar 2018 14:43:16 GMT" time="349.373" errors="0">
  <testcase name="runTest" time="349.373" classname="testcases.ATC_SI_010"/>
</testsuite> <!-- testcases.ATC_SI_010 -->
