<?xml version="1.0" encoding="UTF-8"?>
<!-- Generated by org.testng.reporters.JUnitReportReporter -->
<testsuite skipped="0" hostname="PC217525" name="testcases.ATC_SI_060" tests="1" failures="0" timestamp="23 Mar 2018 00:02:23 GMT" time="316.566" errors="0">
  <testcase name="runTest" time="316.566" classname="testcases.ATC_SI_060"/>
</testsuite> <!-- testcases.ATC_SI_060 -->
