<?xml version="1.0" encoding="UTF-8"?>
<!-- Generated by org.testng.reporters.JUnitReportReporter -->
<testsuite skipped="0" hostname="PC217525" name="testcases.ATC_SI_086" tests="1" failures="0" timestamp="28 Mar 2018 18:32:32 GMT" time="110.540" errors="0">
  <testcase name="runTest" time="110.540" classname="testcases.ATC_SI_086"/>
</testsuite> <!-- testcases.ATC_SI_086 -->
