<?xml version="1.0" encoding="UTF-8"?>
<!-- Generated by org.testng.reporters.JUnitReportReporter -->
<testsuite skipped="0" hostname="PC217525" name="testcases.ATC_SI_133" tests="1" failures="0" timestamp="28 Mar 2018 18:32:33 GMT" time="253.859" errors="0">
  <testcase name="runTest" time="253.859" classname="testcases.ATC_SI_133"/>
</testsuite> <!-- testcases.ATC_SI_133 -->
