<?xml version="1.0" encoding="UTF-8"?>
<!-- Generated by org.testng.reporters.JUnitReportReporter -->
<testsuite skipped="0" hostname="PC217525" name="testcases.ATC_SI_088" tests="1" failures="0" timestamp="29 Mar 2018 07:50:18 GMT" time="102.271" errors="0">
  <testcase name="runTest" time="102.271" classname="testcases.ATC_SI_088"/>
</testsuite> <!-- testcases.ATC_SI_088 -->
